Determining if the function crc32c_value exists in the crc32c failed with the following output:
Change Dir: /home/oslab/Desktop/TungYu/PMDB/build/CMakeFiles/CMakeTmp

Run Build Command:"/usr/bin/make" "cmTC_fe3f7/fast"
/usr/bin/make -f CMakeFiles/cmTC_fe3f7.dir/build.make CMakeFiles/cmTC_fe3f7.dir/build
make[1]: Entering directory '/home/oslab/Desktop/TungYu/PMDB/build/CMakeFiles/CMakeTmp'
Building C object CMakeFiles/cmTC_fe3f7.dir/CheckFunctionExists.c.o
/usr/bin/cc   -DCHECK_FUNCTION_EXISTS=crc32c_value   -std=c11 -o CMakeFiles/cmTC_fe3f7.dir/CheckFunctionExists.c.o   -c /usr/share/cmake-3.10/Modules/CheckFunctionExists.c
Linking C executable cmTC_fe3f7
/usr/bin/cmake -E cmake_link_script CMakeFiles/cmTC_fe3f7.dir/link.txt --verbose=1
/usr/bin/cc  -DCHECK_FUNCTION_EXISTS=crc32c_value    CMakeFiles/cmTC_fe3f7.dir/CheckFunctionExists.c.o  -o cmTC_fe3f7 -lcrc32c 
/usr/bin/ld: cannot find -lcrc32c
collect2: error: ld returned 1 exit status
CMakeFiles/cmTC_fe3f7.dir/build.make:97: recipe for target 'cmTC_fe3f7' failed
make[1]: *** [cmTC_fe3f7] Error 1
make[1]: Leaving directory '/home/oslab/Desktop/TungYu/PMDB/build/CMakeFiles/CMakeTmp'
Makefile:126: recipe for target 'cmTC_fe3f7/fast' failed
make: *** [cmTC_fe3f7/fast] Error 2


Determining if the function zstd_compress exists in the zstd failed with the following output:
Change Dir: /home/oslab/Desktop/TungYu/PMDB/build/CMakeFiles/CMakeTmp

Run Build Command:"/usr/bin/make" "cmTC_56de5/fast"
/usr/bin/make -f CMakeFiles/cmTC_56de5.dir/build.make CMakeFiles/cmTC_56de5.dir/build
make[1]: Entering directory '/home/oslab/Desktop/TungYu/PMDB/build/CMakeFiles/CMakeTmp'
Building C object CMakeFiles/cmTC_56de5.dir/CheckFunctionExists.c.o
/usr/bin/cc   -DCHECK_FUNCTION_EXISTS=zstd_compress   -std=c11 -o CMakeFiles/cmTC_56de5.dir/CheckFunctionExists.c.o   -c /usr/share/cmake-3.10/Modules/CheckFunctionExists.c
Linking C executable cmTC_56de5
/usr/bin/cmake -E cmake_link_script CMakeFiles/cmTC_56de5.dir/link.txt --verbose=1
/usr/bin/cc  -DCHECK_FUNCTION_EXISTS=zstd_compress    CMakeFiles/cmTC_56de5.dir/CheckFunctionExists.c.o  -o cmTC_56de5 -lzstd 
/usr/bin/ld: cannot find -lzstd
collect2: error: ld returned 1 exit status
CMakeFiles/cmTC_56de5.dir/build.make:97: recipe for target 'cmTC_56de5' failed
make[1]: *** [cmTC_56de5] Error 1
make[1]: Leaving directory '/home/oslab/Desktop/TungYu/PMDB/build/CMakeFiles/CMakeTmp'
Makefile:126: recipe for target 'cmTC_56de5/fast' failed
make: *** [cmTC_56de5/fast] Error 2


Determining if the function malloc exists in the tcmalloc failed with the following output:
Change Dir: /home/oslab/Desktop/TungYu/PMDB/build/CMakeFiles/CMakeTmp

Run Build Command:"/usr/bin/make" "cmTC_6ee31/fast"
/usr/bin/make -f CMakeFiles/cmTC_6ee31.dir/build.make CMakeFiles/cmTC_6ee31.dir/build
make[1]: Entering directory '/home/oslab/Desktop/TungYu/PMDB/build/CMakeFiles/CMakeTmp'
Building C object CMakeFiles/cmTC_6ee31.dir/CheckFunctionExists.c.o
/usr/bin/cc   -DCHECK_FUNCTION_EXISTS=malloc   -std=c11 -o CMakeFiles/cmTC_6ee31.dir/CheckFunctionExists.c.o   -c /usr/share/cmake-3.10/Modules/CheckFunctionExists.c
<command-line>:0:23: warning: conflicting types for built-in function ‘malloc’ [-Wbuiltin-declaration-mismatch]
/usr/share/cmake-3.10/Modules/CheckFunctionExists.c:7:3: note: in expansion of macro ‘CHECK_FUNCTION_EXISTS’
   CHECK_FUNCTION_EXISTS(void);
   ^~~~~~~~~~~~~~~~~~~~~
Linking C executable cmTC_6ee31
/usr/bin/cmake -E cmake_link_script CMakeFiles/cmTC_6ee31.dir/link.txt --verbose=1
/usr/bin/cc  -DCHECK_FUNCTION_EXISTS=malloc    CMakeFiles/cmTC_6ee31.dir/CheckFunctionExists.c.o  -o cmTC_6ee31 -ltcmalloc 
/usr/bin/ld: cannot find -ltcmalloc
collect2: error: ld returned 1 exit status
CMakeFiles/cmTC_6ee31.dir/build.make:97: recipe for target 'cmTC_6ee31' failed
make[1]: *** [cmTC_6ee31] Error 1
make[1]: Leaving directory '/home/oslab/Desktop/TungYu/PMDB/build/CMakeFiles/CMakeTmp'
Makefile:126: recipe for target 'cmTC_6ee31/fast' failed
make: *** [cmTC_6ee31/fast] Error 2


Determining if the F_FULLFSYNC exist failed with the following output:
Change Dir: /home/oslab/Desktop/TungYu/PMDB/build/CMakeFiles/CMakeTmp

Run Build Command:"/usr/bin/make" "cmTC_c419d/fast"
/usr/bin/make -f CMakeFiles/cmTC_c419d.dir/build.make CMakeFiles/cmTC_c419d.dir/build
make[1]: Entering directory '/home/oslab/Desktop/TungYu/PMDB/build/CMakeFiles/CMakeTmp'
Building CXX object CMakeFiles/cmTC_c419d.dir/CheckSymbolExists.cxx.o
/usr/bin/c++    -std=c++11 -o CMakeFiles/cmTC_c419d.dir/CheckSymbolExists.cxx.o -c /home/oslab/Desktop/TungYu/PMDB/build/CMakeFiles/CMakeTmp/CheckSymbolExists.cxx
/home/oslab/Desktop/TungYu/PMDB/build/CMakeFiles/CMakeTmp/CheckSymbolExists.cxx: In function ‘int main(int, char**)’:
/home/oslab/Desktop/TungYu/PMDB/build/CMakeFiles/CMakeTmp/CheckSymbolExists.cxx:8:19: error: ‘F_FULLFSYNC’ was not declared in this scope
   return ((int*)(&F_FULLFSYNC))[argc];
                   ^~~~~~~~~~~
/home/oslab/Desktop/TungYu/PMDB/build/CMakeFiles/CMakeTmp/CheckSymbolExists.cxx:8:19: note: suggested alternative: ‘O_FSYNC’
   return ((int*)(&F_FULLFSYNC))[argc];
                   ^~~~~~~~~~~
                   O_FSYNC
CMakeFiles/cmTC_c419d.dir/build.make:65: recipe for target 'CMakeFiles/cmTC_c419d.dir/CheckSymbolExists.cxx.o' failed
make[1]: *** [CMakeFiles/cmTC_c419d.dir/CheckSymbolExists.cxx.o] Error 1
make[1]: Leaving directory '/home/oslab/Desktop/TungYu/PMDB/build/CMakeFiles/CMakeTmp'
Makefile:126: recipe for target 'cmTC_c419d/fast' failed
make: *** [cmTC_c419d/fast] Error 2

File /home/oslab/Desktop/TungYu/PMDB/build/CMakeFiles/CMakeTmp/CheckSymbolExists.cxx:
/* */
#include <fcntl.h>

int main(int argc, char** argv)
{
  (void)argv;
#ifndef F_FULLFSYNC
  return ((int*)(&F_FULLFSYNC))[argc];
#else
  (void)argc;
  return 0;
#endif
}

Performing C++ SOURCE FILE Test HAVE_CLANG_THREAD_SAFETY failed with the following output:
Change Dir: /home/oslab/Desktop/TungYu/PMDB/build/CMakeFiles/CMakeTmp

Run Build Command:"/usr/bin/make" "cmTC_4c8db/fast"
/usr/bin/make -f CMakeFiles/cmTC_4c8db.dir/build.make CMakeFiles/cmTC_4c8db.dir/build
make[1]: Entering directory '/home/oslab/Desktop/TungYu/PMDB/build/CMakeFiles/CMakeTmp'
Building CXX object CMakeFiles/cmTC_4c8db.dir/src.cxx.o
/usr/bin/c++    -fno-exceptions -fno-rtti -DHAVE_CLANG_THREAD_SAFETY   -Wthread-safety -std=c++11 -o CMakeFiles/cmTC_4c8db.dir/src.cxx.o -c /home/oslab/Desktop/TungYu/PMDB/build/CMakeFiles/CMakeTmp/src.cxx
c++: error: unrecognized command line option '-Wthread-safety'; did you mean '-fthread-jumps'?
CMakeFiles/cmTC_4c8db.dir/build.make:65: recipe for target 'CMakeFiles/cmTC_4c8db.dir/src.cxx.o' failed
make[1]: *** [CMakeFiles/cmTC_4c8db.dir/src.cxx.o] Error 1
make[1]: Leaving directory '/home/oslab/Desktop/TungYu/PMDB/build/CMakeFiles/CMakeTmp'
Makefile:126: recipe for target 'cmTC_4c8db/fast' failed
make: *** [cmTC_4c8db/fast] Error 2

Source file was:
int main() { return 0; }
Determining if the pthread_create exist failed with the following output:
Change Dir: /home/oslab/Desktop/TungYu/PMDB/build/CMakeFiles/CMakeTmp

Run Build Command:"/usr/bin/make" "cmTC_89c7f/fast"
/usr/bin/make -f CMakeFiles/cmTC_89c7f.dir/build.make CMakeFiles/cmTC_89c7f.dir/build
make[1]: Entering directory '/home/oslab/Desktop/TungYu/PMDB/build/CMakeFiles/CMakeTmp'
Building C object CMakeFiles/cmTC_89c7f.dir/CheckSymbolExists.c.o
/usr/bin/cc   -Wstrict-prototypes    -std=c11 -o CMakeFiles/cmTC_89c7f.dir/CheckSymbolExists.c.o   -c /home/oslab/Desktop/TungYu/PMDB/build/CMakeFiles/CMakeTmp/CheckSymbolExists.c
Linking C executable cmTC_89c7f
/usr/bin/cmake -E cmake_link_script CMakeFiles/cmTC_89c7f.dir/link.txt --verbose=1
/usr/bin/cc  -Wstrict-prototypes     CMakeFiles/cmTC_89c7f.dir/CheckSymbolExists.c.o  -o cmTC_89c7f 
CMakeFiles/cmTC_89c7f.dir/CheckSymbolExists.c.o: In function `main':
CheckSymbolExists.c:(.text+0x1b): undefined reference to `pthread_create'
collect2: error: ld returned 1 exit status
CMakeFiles/cmTC_89c7f.dir/build.make:97: recipe for target 'cmTC_89c7f' failed
make[1]: *** [cmTC_89c7f] Error 1
make[1]: Leaving directory '/home/oslab/Desktop/TungYu/PMDB/build/CMakeFiles/CMakeTmp'
Makefile:126: recipe for target 'cmTC_89c7f/fast' failed
make: *** [cmTC_89c7f/fast] Error 2

File /home/oslab/Desktop/TungYu/PMDB/build/CMakeFiles/CMakeTmp/CheckSymbolExists.c:
/* */
#include <pthread.h>

int main(int argc, char** argv)
{
  (void)argv;
#ifndef pthread_create
  return ((int*)(&pthread_create))[argc];
#else
  (void)argc;
  return 0;
#endif
}

Determining if the function pthread_create exists in the pthreads failed with the following output:
Change Dir: /home/oslab/Desktop/TungYu/PMDB/build/CMakeFiles/CMakeTmp

Run Build Command:"/usr/bin/make" "cmTC_03af6/fast"
/usr/bin/make -f CMakeFiles/cmTC_03af6.dir/build.make CMakeFiles/cmTC_03af6.dir/build
make[1]: Entering directory '/home/oslab/Desktop/TungYu/PMDB/build/CMakeFiles/CMakeTmp'
Building C object CMakeFiles/cmTC_03af6.dir/CheckFunctionExists.c.o
/usr/bin/cc   -Wstrict-prototypes -DCHECK_FUNCTION_EXISTS=pthread_create   -std=c11 -o CMakeFiles/cmTC_03af6.dir/CheckFunctionExists.c.o   -c /usr/share/cmake-3.10/Modules/CheckFunctionExists.c
Linking C executable cmTC_03af6
/usr/bin/cmake -E cmake_link_script CMakeFiles/cmTC_03af6.dir/link.txt --verbose=1
/usr/bin/cc  -Wstrict-prototypes -DCHECK_FUNCTION_EXISTS=pthread_create    CMakeFiles/cmTC_03af6.dir/CheckFunctionExists.c.o  -o cmTC_03af6 -lpthreads 
/usr/bin/ld: cannot find -lpthreads
collect2: error: ld returned 1 exit status
CMakeFiles/cmTC_03af6.dir/build.make:97: recipe for target 'cmTC_03af6' failed
make[1]: *** [cmTC_03af6] Error 1
make[1]: Leaving directory '/home/oslab/Desktop/TungYu/PMDB/build/CMakeFiles/CMakeTmp'
Makefile:126: recipe for target 'cmTC_03af6/fast' failed
make: *** [cmTC_03af6/fast] Error 2


Performing C++ SOURCE FILE Test HAVE_CXX_FLAG_WSHORTEN_64_TO_32 failed with the following output:
Change Dir: /home/oslab/Desktop/TungYu/PMDB/build/CMakeFiles/CMakeTmp

Run Build Command:"/usr/bin/make" "cmTC_c1b4e/fast"
/usr/bin/make -f CMakeFiles/cmTC_c1b4e.dir/build.make CMakeFiles/cmTC_c1b4e.dir/build
make[1]: Entering directory '/home/oslab/Desktop/TungYu/PMDB/build/CMakeFiles/CMakeTmp'
Building CXX object CMakeFiles/cmTC_c1b4e.dir/src.cxx.o
/usr/bin/c++    -fno-exceptions -fno-rtti  -Wall  -Wextra  -Wshadow  -Wfloat-equal  -Werror  -Wsuggest-override  -pedantic  -pedantic-errors -DHAVE_CXX_FLAG_WSHORTEN_64_TO_32  -Wshorten-64-to-32   -Wshorten-64-to-32 -std=c++11 -o CMakeFiles/cmTC_c1b4e.dir/src.cxx.o -c /home/oslab/Desktop/TungYu/PMDB/build/CMakeFiles/CMakeTmp/src.cxx
c++: error: unrecognized command line option '-Wshorten-64-to-32'
c++: error: unrecognized command line option '-Wshorten-64-to-32'
CMakeFiles/cmTC_c1b4e.dir/build.make:65: recipe for target 'CMakeFiles/cmTC_c1b4e.dir/src.cxx.o' failed
make[1]: *** [CMakeFiles/cmTC_c1b4e.dir/src.cxx.o] Error 1
make[1]: Leaving directory '/home/oslab/Desktop/TungYu/PMDB/build/CMakeFiles/CMakeTmp'
Makefile:126: recipe for target 'cmTC_c1b4e/fast' failed
make: *** [cmTC_c1b4e/fast] Error 2

Source file was:
int main() { return 0; }
Performing C++ SOURCE FILE Test HAVE_CXX_FLAG_WD654 failed with the following output:
Change Dir: /home/oslab/Desktop/TungYu/PMDB/build/CMakeFiles/CMakeTmp

Run Build Command:"/usr/bin/make" "cmTC_3b09b/fast"
/usr/bin/make -f CMakeFiles/cmTC_3b09b.dir/build.make CMakeFiles/cmTC_3b09b.dir/build
make[1]: Entering directory '/home/oslab/Desktop/TungYu/PMDB/build/CMakeFiles/CMakeTmp'
Building CXX object CMakeFiles/cmTC_3b09b.dir/src.cxx.o
/usr/bin/c++    -fno-exceptions -fno-rtti  -Wall  -Wextra  -Wshadow  -Wfloat-equal  -Werror  -Wsuggest-override  -pedantic  -pedantic-errors  -fstrict-aliasing  -Wno-deprecated-declarations  -Wno-deprecated  -fno-exceptions  -Wstrict-aliasing -DHAVE_CXX_FLAG_WD654  -wd654   -wd654 -std=c++11 -o CMakeFiles/cmTC_3b09b.dir/src.cxx.o -c /home/oslab/Desktop/TungYu/PMDB/build/CMakeFiles/CMakeTmp/src.cxx
c++: error: unrecognized command line option '-wd654'
c++: error: unrecognized command line option '-wd654'
CMakeFiles/cmTC_3b09b.dir/build.make:65: recipe for target 'CMakeFiles/cmTC_3b09b.dir/src.cxx.o' failed
make[1]: *** [CMakeFiles/cmTC_3b09b.dir/src.cxx.o] Error 1
make[1]: Leaving directory '/home/oslab/Desktop/TungYu/PMDB/build/CMakeFiles/CMakeTmp'
Makefile:126: recipe for target 'cmTC_3b09b/fast' failed
make: *** [cmTC_3b09b/fast] Error 2

Source file was:
int main() { return 0; }
Performing C++ SOURCE FILE Test HAVE_CXX_FLAG_WTHREAD_SAFETY failed with the following output:
Change Dir: /home/oslab/Desktop/TungYu/PMDB/build/CMakeFiles/CMakeTmp

Run Build Command:"/usr/bin/make" "cmTC_181ac/fast"
/usr/bin/make -f CMakeFiles/cmTC_181ac.dir/build.make CMakeFiles/cmTC_181ac.dir/build
make[1]: Entering directory '/home/oslab/Desktop/TungYu/PMDB/build/CMakeFiles/CMakeTmp'
Building CXX object CMakeFiles/cmTC_181ac.dir/src.cxx.o
/usr/bin/c++    -fno-exceptions -fno-rtti  -Wall  -Wextra  -Wshadow  -Wfloat-equal  -Werror  -Wsuggest-override  -pedantic  -pedantic-errors  -fstrict-aliasing  -Wno-deprecated-declarations  -Wno-deprecated  -fno-exceptions  -Wstrict-aliasing -DHAVE_CXX_FLAG_WTHREAD_SAFETY  -Wthread-safety   -Wthread-safety -std=c++11 -o CMakeFiles/cmTC_181ac.dir/src.cxx.o -c /home/oslab/Desktop/TungYu/PMDB/build/CMakeFiles/CMakeTmp/src.cxx
c++: error: unrecognized command line option '-Wthread-safety'; did you mean '-fthread-jumps'?
c++: error: unrecognized command line option '-Wthread-safety'; did you mean '-fthread-jumps'?
CMakeFiles/cmTC_181ac.dir/build.make:65: recipe for target 'CMakeFiles/cmTC_181ac.dir/src.cxx.o' failed
make[1]: *** [CMakeFiles/cmTC_181ac.dir/src.cxx.o] Error 1
make[1]: Leaving directory '/home/oslab/Desktop/TungYu/PMDB/build/CMakeFiles/CMakeTmp'
Makefile:126: recipe for target 'cmTC_181ac/fast' failed
make: *** [cmTC_181ac/fast] Error 2

Source file was:
int main() { return 0; }
Determining if the function sqlite3_open exists in the sqlite3 failed with the following output:
Change Dir: /home/oslab/Desktop/TungYu/PMDB/build/CMakeFiles/CMakeTmp

Run Build Command:"/usr/bin/make" "cmTC_432c7/fast"
/usr/bin/make -f CMakeFiles/cmTC_432c7.dir/build.make CMakeFiles/cmTC_432c7.dir/build
make[1]: Entering directory '/home/oslab/Desktop/TungYu/PMDB/build/CMakeFiles/CMakeTmp'
Building C object CMakeFiles/cmTC_432c7.dir/CheckFunctionExists.c.o
/usr/bin/cc   -Wstrict-prototypes -DCHECK_FUNCTION_EXISTS=sqlite3_open   -std=c11 -o CMakeFiles/cmTC_432c7.dir/CheckFunctionExists.c.o   -c /usr/share/cmake-3.10/Modules/CheckFunctionExists.c
Linking C executable cmTC_432c7
/usr/bin/cmake -E cmake_link_script CMakeFiles/cmTC_432c7.dir/link.txt --verbose=1
/usr/bin/cc  -Wstrict-prototypes -DCHECK_FUNCTION_EXISTS=sqlite3_open    CMakeFiles/cmTC_432c7.dir/CheckFunctionExists.c.o  -o cmTC_432c7 -lsqlite3 
/usr/bin/ld: cannot find -lsqlite3
collect2: error: ld returned 1 exit status
CMakeFiles/cmTC_432c7.dir/build.make:97: recipe for target 'cmTC_432c7' failed
make[1]: *** [cmTC_432c7] Error 1
make[1]: Leaving directory '/home/oslab/Desktop/TungYu/PMDB/build/CMakeFiles/CMakeTmp'
Makefile:126: recipe for target 'cmTC_432c7/fast' failed
make: *** [cmTC_432c7/fast] Error 2


Performing C++ SOURCE FILE Test HAVE_KYOTOCABINET failed with the following output:
Change Dir: /home/oslab/Desktop/TungYu/PMDB/build/CMakeFiles/CMakeTmp

Run Build Command:"/usr/bin/make" "cmTC_dfce9/fast"
/usr/bin/make -f CMakeFiles/cmTC_dfce9.dir/build.make CMakeFiles/cmTC_dfce9.dir/build
make[1]: Entering directory '/home/oslab/Desktop/TungYu/PMDB/build/CMakeFiles/CMakeTmp'
Building CXX object CMakeFiles/cmTC_dfce9.dir/src.cxx.o
/usr/bin/c++    -fno-exceptions -fno-rtti -DHAVE_KYOTOCABINET   -std=c++11 -o CMakeFiles/cmTC_dfce9.dir/src.cxx.o -c /home/oslab/Desktop/TungYu/PMDB/build/CMakeFiles/CMakeTmp/src.cxx
/home/oslab/Desktop/TungYu/PMDB/build/CMakeFiles/CMakeTmp/src.cxx:2:10: fatal error: kcpolydb.h: No such file or directory
 #include <kcpolydb.h>
          ^~~~~~~~~~~~
compilation terminated.
CMakeFiles/cmTC_dfce9.dir/build.make:65: recipe for target 'CMakeFiles/cmTC_dfce9.dir/src.cxx.o' failed
make[1]: *** [CMakeFiles/cmTC_dfce9.dir/src.cxx.o] Error 1
make[1]: Leaving directory '/home/oslab/Desktop/TungYu/PMDB/build/CMakeFiles/CMakeTmp'
Makefile:126: recipe for target 'cmTC_dfce9/fast' failed
make: *** [cmTC_dfce9/fast] Error 2

Source file was:

#include <kcpolydb.h>

int main() {
  kyotocabinet::TreeDB* db = new kyotocabinet::TreeDB();
  delete db;
  return 0;
}
  
